<?xml version="1.0" encoding="UTF-8"?>
<coverage generated="1511688662997" clover="3.2.0">
  <project timestamp="1511688662998" name="All files">
    <metrics statements="94" coveredstatements="66" conditionals="54" coveredconditionals="41" methods="14" coveredmethods="4" elements="162" coveredelements="111" complexity="0" loc="94" ncloc="94" packages="2" files="3" classes="3">
      <package name="Test">
        <metrics statements="5" coveredstatements="5" conditionals="0" coveredconditionals="0" methods="0" coveredmethods="0"/>
        <file name="data.js" path="/home/mirko/Scrivania/Uniroom/DarkPovoGang/Test/data.js">
          <metrics statements="5" coveredstatements="5" conditionals="0" coveredconditionals="0" methods="0" coveredmethods="0"/>
          <line num="1" count="1" type="stmt"/>
          <line num="4" count="1" type="stmt"/>
          <line num="7" count="1" type="stmt"/>
          <line num="11" count="1" type="stmt"/>
          <line num="13" count="1" type="stmt"/>
        </file>
      </package>
      <package name="server">
        <metrics statements="89" coveredstatements="61" conditionals="54" coveredconditionals="41" methods="14" coveredmethods="4"/>
        <file name="data.js" path="/home/mirko/Scrivania/Uniroom/DarkPovoGang/server/data.js">
          <metrics statements="3" coveredstatements="3" conditionals="0" coveredconditionals="0" methods="0" coveredmethods="0"/>
          <line num="1" count="1" type="stmt"/>
          <line num="11" count="1" type="stmt"/>
          <line num="21" count="1" type="stmt"/>
        </file>
        <file name="utilities.js" path="/home/mirko/Scrivania/Uniroom/DarkPovoGang/server/utilities.js">
          <metrics statements="86" coveredstatements="58" conditionals="54" coveredconditionals="41" methods="14" coveredmethods="4"/>
          <line num="1" count="1" type="stmt"/>
          <line num="2" count="1" type="stmt"/>
          <line num="3" count="1" type="stmt"/>
          <line num="6" count="5" type="cond" truecount="2" falsecount="0"/>
          <line num="7" count="1" type="stmt"/>
          <line num="9" count="4" type="cond" truecount="2" falsecount="0"/>
          <line num="10" count="1" type="stmt"/>
          <line num="12" count="3" type="stmt"/>
          <line num="14" count="27" type="cond" truecount="2" falsecount="0"/>
          <line num="15" count="1" type="stmt"/>
          <line num="17" count="2" type="stmt"/>
          <line num="22" count="4" type="cond" truecount="2" falsecount="0"/>
          <line num="23" count="1" type="stmt"/>
          <line num="25" count="3" type="cond" truecount="2" falsecount="0"/>
          <line num="26" count="1" type="stmt"/>
          <line num="28" count="2" type="stmt"/>
          <line num="29" count="2" type="stmt"/>
          <line num="30" count="135" type="stmt"/>
          <line num="40" count="135" type="stmt"/>
          <line num="41" count="135" type="stmt"/>
          <line num="42" count="4779" type="cond" truecount="2" falsecount="0"/>
          <line num="43" count="91" type="stmt"/>
          <line num="47" count="135" type="cond" truecount="2" falsecount="0"/>
          <line num="48" count="91" type="stmt"/>
          <line num="55" count="91" type="stmt"/>
          <line num="56" count="91" type="stmt"/>
          <line num="58" count="44" type="stmt"/>
          <line num="62" count="2" type="stmt"/>
          <line num="69" count="4" type="cond" truecount="2" falsecount="0"/>
          <line num="70" count="1" type="stmt"/>
          <line num="72" count="3" type="cond" truecount="2" falsecount="0"/>
          <line num="73" count="1" type="stmt"/>
          <line num="75" count="2" type="stmt"/>
          <line num="76" count="44" type="stmt"/>
          <line num="77" count="91" type="cond" truecount="2" falsecount="0"/>
          <line num="78" count="62" type="stmt"/>
          <line num="79" count="62" type="stmt"/>
          <line num="80" count="62" type="stmt"/>
          <line num="81" count="62" type="stmt"/>
          <line num="85" count="2" type="stmt"/>
          <line num="91" count="5" type="cond" truecount="2" falsecount="0"/>
          <line num="92" count="1" type="stmt"/>
          <line num="94" count="4" type="cond" truecount="4" falsecount="0"/>
          <line num="95" count="2" type="stmt"/>
          <line num="98" count="2" type="cond" truecount="2" falsecount="0"/>
          <line num="99" count="1" type="stmt"/>
          <line num="101" count="2" type="stmt"/>
          <line num="102" count="44" type="cond" truecount="5" falsecount="0"/>
          <line num="103" count="4" type="stmt"/>
          <line num="104" count="4" type="stmt"/>
          <line num="108" count="40" type="cond" truecount="4" falsecount="1"/>
          <line num="109" count="40" type="stmt"/>
          <line num="110" count="44" type="cond" truecount="4" falsecount="0"/>
          <line num="111" count="35" type="stmt"/>
          <line num="112" count="35" type="stmt"/>
          <line num="113" count="35" type="stmt"/>
          <line num="118" count="2" type="stmt"/>
          <line num="123" count="0" type="stmt"/>
          <line num="124" count="0" type="stmt"/>
          <line num="125" count="0" type="cond" truecount="0" falsecount="2"/>
          <line num="126" count="0" type="stmt"/>
          <line num="127" count="0" type="stmt"/>
          <line num="131" count="0" type="stmt"/>
          <line num="138" count="0" type="stmt"/>
          <line num="140" count="0" type="stmt"/>
          <line num="143" count="0" type="stmt"/>
          <line num="144" count="0" type="stmt"/>
          <line num="147" count="0" type="stmt"/>
          <line num="148" count="0" type="stmt"/>
          <line num="149" count="0" type="stmt"/>
          <line num="150" count="0" type="stmt"/>
          <line num="153" count="0" type="stmt"/>
          <line num="156" count="0" type="stmt"/>
          <line num="164" count="0" type="stmt"/>
          <line num="165" count="0" type="cond" truecount="0" falsecount="2"/>
          <line num="166" count="0" type="cond" truecount="0" falsecount="2"/>
          <line num="167" count="0" type="cond" truecount="0" falsecount="2"/>
          <line num="168" count="0" type="stmt"/>
          <line num="181" count="0" type="stmt"/>
          <line num="195" count="0" type="cond" truecount="0" falsecount="2"/>
          <line num="196" count="0" type="stmt"/>
          <line num="206" count="0" type="stmt"/>
          <line num="215" count="0" type="stmt"/>
          <line num="219" count="0" type="cond" truecount="0" falsecount="2"/>
          <line num="224" count="0" type="stmt"/>
          <line num="228" count="1" type="stmt"/>
        </file>
      </package>
    </metrics>
  </project>
</coverage>
