<?xml version="1.0" encoding="UTF-8"?>
<coverage generated="1513104253388" clover="3.2.0">
  <project timestamp="1513104253388" name="All files">
    <metrics statements="185" coveredstatements="115" conditionals="90" coveredconditionals="66" methods="33" coveredmethods="15" elements="308" coveredelements="196" complexity="0" loc="185" ncloc="185" packages="3" files="4" classes="4">
      <package name="Test">
        <metrics statements="10" coveredstatements="10" conditionals="0" coveredconditionals="0" methods="0" coveredmethods="0"/>
        <file name="data.js" path="/home/mirko/Scrivania/Uniroom/DarkPovoGang/Test/data.js">
          <metrics statements="10" coveredstatements="10" conditionals="0" coveredconditionals="0" methods="0" coveredmethods="0"/>
          <line num="1" count="1" type="stmt"/>
          <line num="4" count="1" type="stmt"/>
          <line num="7" count="1" type="stmt"/>
          <line num="10" count="1" type="stmt"/>
          <line num="13" count="1" type="stmt"/>
          <line num="15" count="1" type="stmt"/>
          <line num="18" count="1" type="stmt"/>
          <line num="21" count="1" type="stmt"/>
          <line num="23" count="1" type="stmt"/>
          <line num="25" count="1" type="stmt"/>
        </file>
      </package>
      <package name="client.js">
        <metrics statements="21" coveredstatements="7" conditionals="4" coveredconditionals="0" methods="5" coveredmethods="2"/>
        <file name="myjs.js" path="/home/mirko/Scrivania/Uniroom/DarkPovoGang/client/js/myjs.js">
          <metrics statements="21" coveredstatements="7" conditionals="4" coveredconditionals="0" methods="5" coveredmethods="2"/>
          <line num="1" count="1" type="stmt"/>
          <line num="6" count="0" type="stmt"/>
          <line num="7" count="0" type="stmt"/>
          <line num="12" count="1" type="stmt"/>
          <line num="13" count="1" type="stmt"/>
          <line num="14" count="1" type="stmt"/>
          <line num="15" count="0" type="stmt"/>
          <line num="16" count="0" type="stmt"/>
          <line num="23" count="0" type="stmt"/>
          <line num="24" count="0" type="stmt"/>
          <line num="25" count="0" type="cond" truecount="0" falsecount="2"/>
          <line num="26" count="0" type="stmt"/>
          <line num="29" count="0" type="stmt"/>
          <line num="30" count="0" type="stmt"/>
          <line num="31" count="0" type="stmt"/>
          <line num="36" count="7" type="stmt"/>
          <line num="37" count="7" type="stmt"/>
          <line num="38" count="0" type="cond" truecount="0" falsecount="2"/>
          <line num="39" count="0" type="stmt"/>
          <line num="40" count="0" type="stmt"/>
          <line num="99" count="1" type="stmt"/>
        </file>
      </package>
      <package name="server">
        <metrics statements="154" coveredstatements="98" conditionals="86" coveredconditionals="66" methods="28" coveredmethods="13"/>
        <file name="data.js" path="/home/mirko/Scrivania/Uniroom/DarkPovoGang/server/data.js">
          <metrics statements="5" coveredstatements="5" conditionals="0" coveredconditionals="0" methods="0" coveredmethods="0"/>
          <line num="1" count="1" type="stmt"/>
          <line num="11" count="1" type="stmt"/>
          <line num="21" count="1" type="stmt"/>
          <line num="32" count="1" type="stmt"/>
          <line num="42" count="1" type="stmt"/>
        </file>
        <file name="utilities.js" path="/home/mirko/Scrivania/Uniroom/DarkPovoGang/server/utilities.js">
          <metrics statements="149" coveredstatements="93" conditionals="86" coveredconditionals="66" methods="28" coveredmethods="13"/>
          <line num="1" count="1" type="stmt"/>
          <line num="2" count="1" type="stmt"/>
          <line num="3" count="1" type="stmt"/>
          <line num="4" count="1" type="stmt"/>
          <line num="5" count="1" type="stmt"/>
          <line num="6" count="1" type="stmt"/>
          <line num="7" count="1" type="stmt"/>
          <line num="8" count="1" type="stmt"/>
          <line num="9" count="1" type="stmt"/>
          <line num="10" count="1" type="stmt"/>
          <line num="14" count="5" type="cond" truecount="2" falsecount="0"/>
          <line num="15" count="1" type="stmt"/>
          <line num="17" count="4" type="cond" truecount="2" falsecount="0"/>
          <line num="18" count="1" type="stmt"/>
          <line num="20" count="3" type="stmt"/>
          <line num="22" count="27" type="cond" truecount="2" falsecount="0"/>
          <line num="23" count="1" type="stmt"/>
          <line num="25" count="2" type="stmt"/>
          <line num="29" count="0" type="stmt"/>
          <line num="30" count="0" type="stmt"/>
          <line num="31" count="0" type="stmt"/>
          <line num="32" count="0" type="stmt"/>
          <line num="36" count="0" type="stmt"/>
          <line num="38" count="0" type="stmt"/>
          <line num="42" count="3" type="cond" truecount="2" falsecount="0"/>
          <line num="43" count="1" type="stmt"/>
          <line num="45" count="2" type="cond" truecount="2" falsecount="0"/>
          <line num="46" count="1" type="stmt"/>
          <line num="48" count="1" type="stmt"/>
          <line num="59" count="0" type="stmt"/>
          <line num="60" count="0" type="stmt"/>
          <line num="61" count="0" type="cond" truecount="0" falsecount="2"/>
          <line num="62" count="0" type="stmt"/>
          <line num="67" count="0" type="stmt"/>
          <line num="74" count="0" type="stmt"/>
          <line num="80" count="1" type="stmt"/>
          <line num="84" count="4" type="cond" truecount="2" falsecount="0"/>
          <line num="85" count="1" type="stmt"/>
          <line num="87" count="3" type="cond" truecount="2" falsecount="0"/>
          <line num="88" count="1" type="stmt"/>
          <line num="90" count="2" type="stmt"/>
          <line num="91" count="44" type="stmt"/>
          <line num="92" count="91" type="cond" truecount="2" falsecount="0"/>
          <line num="93" count="62" type="stmt"/>
          <line num="94" count="62" type="stmt"/>
          <line num="95" count="62" type="stmt"/>
          <line num="96" count="62" type="stmt"/>
          <line num="100" count="2" type="stmt"/>
          <line num="104" count="6" type="cond" truecount="2" falsecount="0"/>
          <line num="105" count="1" type="stmt"/>
          <line num="107" count="5" type="cond" truecount="4" falsecount="0"/>
          <line num="108" count="2" type="stmt"/>
          <line num="110" count="3" type="cond" truecount="2" falsecount="0"/>
          <line num="111" count="1" type="stmt"/>
          <line num="114" count="2" type="cond" truecount="2" falsecount="0"/>
          <line num="115" count="1" type="stmt"/>
          <line num="117" count="2" type="stmt"/>
          <line num="118" count="44" type="cond" truecount="5" falsecount="0"/>
          <line num="119" count="4" type="stmt"/>
          <line num="120" count="4" type="stmt"/>
          <line num="124" count="40" type="cond" truecount="4" falsecount="1"/>
          <line num="125" count="40" type="stmt"/>
          <line num="126" count="44" type="cond" truecount="4" falsecount="0"/>
          <line num="127" count="36" type="stmt"/>
          <line num="128" count="36" type="stmt"/>
          <line num="129" count="36" type="stmt"/>
          <line num="134" count="2" type="stmt"/>
          <line num="139" count="5" type="cond" truecount="2" falsecount="0"/>
          <line num="140" count="1" type="stmt"/>
          <line num="142" count="4" type="cond" truecount="4" falsecount="0"/>
          <line num="143" count="2" type="stmt"/>
          <line num="145" count="2" type="cond" truecount="2" falsecount="0"/>
          <line num="146" count="1" type="stmt"/>
          <line num="148" count="1" type="stmt"/>
          <line num="149" count="5" type="stmt"/>
          <line num="150" count="9" type="cond" truecount="2" falsecount="0"/>
          <line num="151" count="8" type="stmt"/>
          <line num="152" count="8" type="stmt"/>
          <line num="156" count="1" type="cond" truecount="1" falsecount="1"/>
          <line num="161" count="4" type="cond" truecount="2" falsecount="0"/>
          <line num="162" count="1" type="stmt"/>
          <line num="164" count="3" type="stmt"/>
          <line num="166" count="3" type="stmt"/>
          <line num="169" count="2" type="stmt"/>
          <line num="170" count="2" type="stmt"/>
          <line num="173" count="2" type="stmt"/>
          <line num="174" count="2" type="stmt"/>
          <line num="175" count="16" type="stmt"/>
          <line num="176" count="606" type="stmt"/>
          <line num="179" count="2" type="stmt"/>
          <line num="182" count="1" type="stmt"/>
          <line num="187" count="4" type="cond" truecount="4" falsecount="0"/>
          <line num="188" count="1" type="stmt"/>
          <line num="190" count="3" type="cond" truecount="2" falsecount="0"/>
          <line num="191" count="1" type="stmt"/>
          <line num="194" count="2" type="stmt"/>
          <line num="195" count="121" type="cond" truecount="2" falsecount="0"/>
          <line num="196" count="3" type="cond" truecount="2" falsecount="0"/>
          <line num="197" count="1" type="cond" truecount="1" falsecount="1"/>
          <line num="198" count="1" type="stmt"/>
          <line num="211" count="0" type="stmt"/>
          <line num="225" count="2" type="cond" truecount="1" falsecount="1"/>
          <line num="226" count="2" type="stmt"/>
          <line num="236" count="0" type="stmt"/>
          <line num="245" count="2" type="stmt"/>
          <line num="249" count="2" type="cond" truecount="2" falsecount="0"/>
          <line num="253" count="0" type="stmt"/>
          <line num="255" count="0" type="stmt"/>
          <line num="256" count="0" type="stmt"/>
          <line num="258" count="0" type="stmt"/>
          <line num="261" count="0" type="stmt"/>
          <line num="263" count="0" type="stmt"/>
          <line num="266" count="0" type="stmt"/>
          <line num="268" count="0" type="stmt"/>
          <line num="270" count="0" type="stmt"/>
          <line num="273" count="0" type="stmt"/>
          <line num="277" count="0" type="stmt"/>
          <line num="283" count="0" type="stmt"/>
          <line num="284" count="0" type="cond" truecount="0" falsecount="2"/>
          <line num="285" count="0" type="stmt"/>
          <line num="287" count="0" type="stmt"/>
          <line num="288" count="0" type="cond" truecount="0" falsecount="2"/>
          <line num="289" count="0" type="stmt"/>
          <line num="290" count="0" type="stmt"/>
          <line num="291" count="0" type="cond" truecount="0" falsecount="2"/>
          <line num="292" count="0" type="stmt"/>
          <line num="295" count="0" type="stmt"/>
          <line num="300" count="0" type="cond" truecount="0" falsecount="2"/>
          <line num="304" count="0" type="stmt"/>
          <line num="306" count="0" type="stmt"/>
          <line num="307" count="0" type="cond" truecount="0" falsecount="2"/>
          <line num="308" count="0" type="stmt"/>
          <line num="310" count="0" type="cond" truecount="0" falsecount="2"/>
          <line num="311" count="0" type="stmt"/>
          <line num="312" count="0" type="stmt"/>
          <line num="316" count="0" type="stmt"/>
          <line num="320" count="0" type="stmt"/>
          <line num="321" count="0" type="stmt"/>
          <line num="322" count="0" type="stmt"/>
          <line num="324" count="0" type="stmt"/>
          <line num="328" count="0" type="stmt"/>
          <line num="329" count="0" type="stmt"/>
          <line num="330" count="0" type="stmt"/>
          <line num="334" count="0" type="stmt"/>
          <line num="338" count="0" type="stmt"/>
          <line num="339" count="0" type="stmt"/>
          <line num="340" count="0" type="cond" truecount="0" falsecount="2"/>
          <line num="341" count="0" type="stmt"/>
          <line num="344" count="1" type="stmt"/>
        </file>
      </package>
    </metrics>
  </project>
</coverage>
