{"/home/mirko/Scrivania/Uniroom/DarkPovoGang/Test/data.js": {"path":"/home/mirko/Scrivania/Uniroom/DarkPovoGang/Test/data.js","statementMap":{"0":{"start":{"line":1,"column":14},"end":{"line":1,"column":18060}},"1":{"start":{"line":4,"column":12},"end":{"line":4,"column":84736}},"2":{"start":{"line":6,"column":24},"end":{"line":6,"column":10816}},"3":{"start":{"line":9,"column":19},"end":{"line":9,"column":1252}},"4":{"start":{"line":12,"column":18},"end":{"line":12,"column":1344}},"5":{"start":{"line":14,"column":31},"end":{"line":14,"column":425}},"6":{"start":{"line":17,"column":18},"end":{"line":17,"column":7489}},"7":{"start":{"line":19,"column":15},"end":{"line":19,"column":75367}},"8":{"start":{"line":21,"column":21},"end":{"line":21,"column":611}},"9":{"start":{"line":23,"column":21},"end":{"line":23,"column":2989}},"10":{"start":{"line":25,"column":26},"end":{"line":25,"column":18858}},"11":{"start":{"line":27,"column":0},"end":{"line":28,"column":49}}},"fnMap":{},"branchMap":{},"s":{"0":1,"1":1,"2":1,"3":1,"4":1,"5":1,"6":1,"7":1,"8":1,"9":1,"10":1,"11":1},"f":{},"b":{},"_coverageSchema":"332fd63041d2c1bcb487cc26dd0d5f7d97098a6c","hash":"c32bb22e2ebf7a52fb85abfbf4605e91457b8e71"}
,"/home/mirko/Scrivania/Uniroom/DarkPovoGang/server/data.js": {"path":"/home/mirko/Scrivania/Uniroom/DarkPovoGang/server/data.js","statementMap":{"0":{"start":{"line":1,"column":19},"end":{"line":9,"column":17}},"1":{"start":{"line":11,"column":18},"end":{"line":20,"column":1}},"2":{"start":{"line":21,"column":13},"end":{"line":30,"column":19}},"3":{"start":{"line":32,"column":22},"end":{"line":40,"column":1}},"4":{"start":{"line":42,"column":0},"end":{"line":42,"column":72}}},"fnMap":{},"branchMap":{},"s":{"0":1,"1":1,"2":1,"3":1,"4":1},"f":{},"b":{},"_coverageSchema":"332fd63041d2c1bcb487cc26dd0d5f7d97098a6c","hash":"73087353d68b44e2ef72e10290e9f8fb5b37f6af"}
,"/home/mirko/Scrivania/Uniroom/DarkPovoGang/server/utilities.js": {"path":"/home/mirko/Scrivania/Uniroom/DarkPovoGang/server/utilities.js","statementMap":{"0":{"start":{"line":1,"column":14},"end":{"line":1,"column":35}},"1":{"start":{"line":2,"column":19},"end":{"line":2,"column":36}},"2":{"start":{"line":6,"column":4},"end":{"line":8,"column":5}},"3":{"start":{"line":7,"column":8},"end":{"line":7,"column":49}},"4":{"start":{"line":9,"column":4},"end":{"line":11,"column":5}},"5":{"start":{"line":10,"column":8},"end":{"line":10,"column":60}},"6":{"start":{"line":12,"column":4},"end":{"line":16,"column":5}},"7":{"start":{"line":14,"column":8},"end":{"line":15,"column":24}},"8":{"start":{"line":15,"column":12},"end":{"line":15,"column":24}},"9":{"start":{"line":17,"column":4},"end":{"line":17,"column":17}},"10":{"start":{"line":21,"column":14},"end":{"line":21,"column":16}},"11":{"start":{"line":22,"column":19},"end":{"line":22,"column":47}},"12":{"start":{"line":23,"column":4},"end":{"line":29,"column":5}},"13":{"start":{"line":24,"column":19},"end":{"line":27,"column":13}},"14":{"start":{"line":28,"column":8},"end":{"line":28,"column":23}},"15":{"start":{"line":30,"column":4},"end":{"line":30,"column":15}},"16":{"start":{"line":34,"column":4},"end":{"line":36,"column":5}},"17":{"start":{"line":35,"column":8},"end":{"line":35,"column":49}},"18":{"start":{"line":37,"column":4},"end":{"line":39,"column":5}},"19":{"start":{"line":38,"column":8},"end":{"line":38,"column":60}},"20":{"start":{"line":40,"column":4},"end":{"line":42,"column":5}},"21":{"start":{"line":41,"column":8},"end":{"line":41,"column":18}},"22":{"start":{"line":43,"column":4},"end":{"line":59,"column":5}},"23":{"start":{"line":44,"column":17},"end":{"line":44,"column":19}},"24":{"start":{"line":45,"column":8},"end":{"line":49,"column":9}},"25":{"start":{"line":46,"column":12},"end":{"line":48,"column":13}},"26":{"start":{"line":47,"column":16},"end":{"line":47,"column":23}},"27":{"start":{"line":51,"column":24},"end":{"line":57,"column":9}},"28":{"start":{"line":58,"column":8},"end":{"line":58,"column":41}},"29":{"start":{"line":60,"column":4},"end":{"line":60,"column":17}},"30":{"start":{"line":64,"column":4},"end":{"line":66,"column":5}},"31":{"start":{"line":65,"column":8},"end":{"line":65,"column":49}},"32":{"start":{"line":67,"column":4},"end":{"line":69,"column":5}},"33":{"start":{"line":68,"column":8},"end":{"line":68,"column":60}},"34":{"start":{"line":70,"column":4},"end":{"line":79,"column":5}},"35":{"start":{"line":71,"column":8},"end":{"line":78,"column":9}},"36":{"start":{"line":72,"column":12},"end":{"line":77,"column":13}},"37":{"start":{"line":73,"column":16},"end":{"line":73,"column":66}},"38":{"start":{"line":74,"column":16},"end":{"line":74,"column":86}},"39":{"start":{"line":75,"column":16},"end":{"line":75,"column":49}},"40":{"start":{"line":76,"column":16},"end":{"line":76,"column":20}},"41":{"start":{"line":80,"column":4},"end":{"line":80,"column":17}},"42":{"start":{"line":84,"column":4},"end":{"line":86,"column":5}},"43":{"start":{"line":85,"column":8},"end":{"line":85,"column":48}},"44":{"start":{"line":87,"column":4},"end":{"line":89,"column":5}},"45":{"start":{"line":88,"column":8},"end":{"line":88,"column":54}},"46":{"start":{"line":90,"column":4},"end":{"line":92,"column":5}},"47":{"start":{"line":91,"column":8},"end":{"line":91,"column":63}},"48":{"start":{"line":94,"column":4},"end":{"line":96,"column":5}},"49":{"start":{"line":95,"column":8},"end":{"line":95,"column":66}},"50":{"start":{"line":97,"column":4},"end":{"line":113,"column":5}},"51":{"start":{"line":98,"column":2},"end":{"line":112,"column":9}},"52":{"start":{"line":99,"column":3},"end":{"line":99,"column":21}},"53":{"start":{"line":100,"column":3},"end":{"line":100,"column":7}},"54":{"start":{"line":104,"column":13},"end":{"line":112,"column":9}},"55":{"start":{"line":105,"column":12},"end":{"line":111,"column":13}},"56":{"start":{"line":106,"column":16},"end":{"line":110,"column":17}},"57":{"start":{"line":107,"column":20},"end":{"line":107,"column":39}},"58":{"start":{"line":108,"column":20},"end":{"line":108,"column":24}},"59":{"start":{"line":109,"column":20},"end":{"line":109,"column":26}},"60":{"start":{"line":114,"column":4},"end":{"line":114,"column":17}},"61":{"start":{"line":119,"column":4},"end":{"line":121,"column":5}},"62":{"start":{"line":120,"column":8},"end":{"line":120,"column":48}},"63":{"start":{"line":122,"column":4},"end":{"line":124,"column":5}},"64":{"start":{"line":123,"column":8},"end":{"line":123,"column":54}},"65":{"start":{"line":125,"column":4},"end":{"line":127,"column":5}},"66":{"start":{"line":126,"column":8},"end":{"line":126,"column":63}},"67":{"start":{"line":128,"column":4},"end":{"line":135,"column":5}},"68":{"start":{"line":129,"column":8},"end":{"line":134,"column":9}},"69":{"start":{"line":130,"column":12},"end":{"line":133,"column":13}},"70":{"start":{"line":131,"column":16},"end":{"line":131,"column":44}},"71":{"start":{"line":132,"column":16},"end":{"line":132,"column":20}},"72":{"start":{"line":136,"column":4},"end":{"line":136,"column":78}},"73":{"start":{"line":141,"column":4},"end":{"line":143,"column":5}},"74":{"start":{"line":142,"column":8},"end":{"line":142,"column":49}},"75":{"start":{"line":144,"column":4},"end":{"line":163,"column":11}},"76":{"start":{"line":146,"column":12},"end":{"line":146,"column":34}},"77":{"start":{"line":149,"column":28},"end":{"line":149,"column":43}},"78":{"start":{"line":150,"column":12},"end":{"line":150,"column":29}},"79":{"start":{"line":153,"column":25},"end":{"line":153,"column":27}},"80":{"start":{"line":154,"column":12},"end":{"line":158,"column":15}},"81":{"start":{"line":155,"column":16},"end":{"line":157,"column":19}},"82":{"start":{"line":156,"column":20},"end":{"line":156,"column":87}},"83":{"start":{"line":159,"column":12},"end":{"line":159,"column":26}},"84":{"start":{"line":162,"column":12},"end":{"line":162,"column":31}},"85":{"start":{"line":167,"column":4},"end":{"line":169,"column":5}},"86":{"start":{"line":168,"column":8},"end":{"line":168,"column":49}},"87":{"start":{"line":170,"column":4},"end":{"line":172,"column":5}},"88":{"start":{"line":171,"column":8},"end":{"line":171,"column":54}},"89":{"start":{"line":174,"column":4},"end":{"line":228,"column":5}},"90":{"start":{"line":175,"column":8},"end":{"line":227,"column":9}},"91":{"start":{"line":176,"column":12},"end":{"line":226,"column":13}},"92":{"start":{"line":177,"column":16},"end":{"line":202,"column":17}},"93":{"start":{"line":178,"column":20},"end":{"line":189,"column":22}},"94":{"start":{"line":191,"column":20},"end":{"line":201,"column":22}},"95":{"start":{"line":205,"column":16},"end":{"line":224,"column":17}},"96":{"start":{"line":206,"column":20},"end":{"line":214,"column":22}},"97":{"start":{"line":216,"column":20},"end":{"line":223,"column":22}},"98":{"start":{"line":225,"column":16},"end":{"line":225,"column":43}},"99":{"start":{"line":229,"column":4},"end":{"line":229,"column":69}},"100":{"start":{"line":233,"column":14},"end":{"line":233,"column":145}},"101":{"start":{"line":235,"column":4},"end":{"line":259,"column":6}},"102":{"start":{"line":236,"column":8},"end":{"line":258,"column":11}},"103":{"start":{"line":238,"column":12},"end":{"line":238,"column":34}},"104":{"start":{"line":241,"column":12},"end":{"line":254,"column":14}},"105":{"start":{"line":243,"column":16},"end":{"line":243,"column":35}},"106":{"start":{"line":246,"column":29},"end":{"line":246,"column":40}},"107":{"start":{"line":248,"column":28},"end":{"line":248,"column":55}},"108":{"start":{"line":250,"column":16},"end":{"line":250,"column":30}},"109":{"start":{"line":253,"column":16},"end":{"line":253,"column":35}},"110":{"start":{"line":257,"column":12},"end":{"line":257,"column":31}},"111":{"start":{"line":263,"column":14},"end":{"line":263,"column":16}},"112":{"start":{"line":264,"column":4},"end":{"line":278,"column":5}},"113":{"start":{"line":265,"column":8},"end":{"line":265,"column":37}},"114":{"start":{"line":267,"column":8},"end":{"line":277,"column":11}},"115":{"start":{"line":268,"column":12},"end":{"line":276,"column":13}},"116":{"start":{"line":269,"column":42},"end":{"line":269,"column":71}},"117":{"start":{"line":270,"column":41},"end":{"line":270,"column":79}},"118":{"start":{"line":271,"column":16},"end":{"line":273,"column":17}},"119":{"start":{"line":272,"column":20},"end":{"line":272,"column":35}},"120":{"start":{"line":275,"column":16},"end":{"line":275,"column":31}},"121":{"start":{"line":279,"column":4},"end":{"line":279,"column":86}},"122":{"start":{"line":283,"column":14},"end":{"line":283,"column":20}},"123":{"start":{"line":285,"column":4},"end":{"line":294,"column":5}},"124":{"start":{"line":286,"column":8},"end":{"line":293,"column":9}},"125":{"start":{"line":287,"column":20},"end":{"line":288,"column":103}},"126":{"start":{"line":289,"column":12},"end":{"line":292,"column":13}},"127":{"start":{"line":290,"column":16},"end":{"line":290,"column":24}},"128":{"start":{"line":291,"column":16},"end":{"line":291,"column":27}},"129":{"start":{"line":295,"column":4},"end":{"line":295,"column":15}},"130":{"start":{"line":299,"column":12},"end":{"line":299,"column":16}},"131":{"start":{"line":300,"column":15},"end":{"line":300,"column":33}},"132":{"start":{"line":301,"column":15},"end":{"line":301,"column":33}},"133":{"start":{"line":303,"column":6},"end":{"line":305,"column":41}},"134":{"start":{"line":307,"column":12},"end":{"line":307,"column":56}},"135":{"start":{"line":308,"column":12},"end":{"line":308,"column":17}},"136":{"start":{"line":309,"column":4},"end":{"line":309,"column":13}},"137":{"start":{"line":313,"column":4},"end":{"line":313,"column":30}},"138":{"start":{"line":317,"column":4},"end":{"line":317,"column":20}},"139":{"start":{"line":318,"column":14},"end":{"line":318,"column":24}},"140":{"start":{"line":319,"column":15},"end":{"line":319,"column":52}},"141":{"start":{"line":320,"column":4},"end":{"line":320,"column":37}},"142":{"start":{"line":323,"column":0},"end":{"line":326,"column":46}}},"fnMap":{"0":{"name":"inArray","decl":{"start":{"line":5,"column":9},"end":{"line":5,"column":16}},"loc":{"start":{"line":5,"column":22},"end":{"line":18,"column":1}},"line":5},"1":{"name":"getAllRooms","decl":{"start":{"line":20,"column":9},"end":{"line":20,"column":20}},"loc":{"start":{"line":20,"column":38},"end":{"line":31,"column":1}},"line":20},"2":{"name":"getRoomList","decl":{"start":{"line":33,"column":9},"end":{"line":33,"column":20}},"loc":{"start":{"line":33,"column":36},"end":{"line":61,"column":1}},"line":33},"3":{"name":"cleanSchedule","decl":{"start":{"line":63,"column":9},"end":{"line":63,"column":22}},"loc":{"start":{"line":63,"column":30},"end":{"line":81,"column":1}},"line":63},"4":{"name":"getFreeRooms","decl":{"start":{"line":83,"column":9},"end":{"line":83,"column":21}},"loc":{"start":{"line":83,"column":40},"end":{"line":115,"column":1}},"line":83},"5":{"name":"cleanPastSchedule","decl":{"start":{"line":118,"column":9},"end":{"line":118,"column":26}},"loc":{"start":{"line":118,"column":45},"end":{"line":137,"column":1}},"line":118},"6":{"name":"idRoomCode","decl":{"start":{"line":140,"column":9},"end":{"line":140,"column":19}},"loc":{"start":{"line":140,"column":25},"end":{"line":164,"column":1}},"line":140},"7":{"name":"(anonymous_7)","decl":{"start":{"line":145,"column":14},"end":{"line":145,"column":15}},"loc":{"start":{"line":145,"column":26},"end":{"line":147,"column":9}},"line":145},"8":{"name":"(anonymous_8)","decl":{"start":{"line":148,"column":14},"end":{"line":148,"column":15}},"loc":{"start":{"line":148,"column":22},"end":{"line":151,"column":9}},"line":148},"9":{"name":"(anonymous_9)","decl":{"start":{"line":152,"column":14},"end":{"line":152,"column":15}},"loc":{"start":{"line":152,"column":27},"end":{"line":160,"column":9}},"line":152},"10":{"name":"(anonymous_10)","decl":{"start":{"line":154,"column":39},"end":{"line":154,"column":40}},"loc":{"start":{"line":154,"column":47},"end":{"line":158,"column":13}},"line":154},"11":{"name":"(anonymous_11)","decl":{"start":{"line":155,"column":49},"end":{"line":155,"column":50}},"loc":{"start":{"line":155,"column":57},"end":{"line":157,"column":17}},"line":155},"12":{"name":"(anonymous_12)","decl":{"start":{"line":161,"column":15},"end":{"line":161,"column":16}},"loc":{"start":{"line":161,"column":24},"end":{"line":163,"column":9}},"line":161},"13":{"name":"getRoomSchedule","decl":{"start":{"line":166,"column":9},"end":{"line":166,"column":24}},"loc":{"start":{"line":166,"column":41},"end":{"line":230,"column":1}},"line":166},"14":{"name":"getDaySchedule","decl":{"start":{"line":232,"column":9},"end":{"line":232,"column":23}},"loc":{"start":{"line":232,"column":54},"end":{"line":260,"column":1}},"line":232},"15":{"name":"(anonymous_15)","decl":{"start":{"line":235,"column":23},"end":{"line":235,"column":24}},"loc":{"start":{"line":235,"column":44},"end":{"line":259,"column":5}},"line":235},"16":{"name":"(anonymous_16)","decl":{"start":{"line":237,"column":14},"end":{"line":237,"column":15}},"loc":{"start":{"line":237,"column":26},"end":{"line":239,"column":9}},"line":237},"17":{"name":"(anonymous_17)","decl":{"start":{"line":240,"column":14},"end":{"line":240,"column":15}},"loc":{"start":{"line":240,"column":20},"end":{"line":255,"column":9}},"line":240},"18":{"name":"(anonymous_18)","decl":{"start":{"line":242,"column":18},"end":{"line":242,"column":19}},"loc":{"start":{"line":242,"column":26},"end":{"line":244,"column":13}},"line":242},"19":{"name":"(anonymous_19)","decl":{"start":{"line":245,"column":18},"end":{"line":245,"column":19}},"loc":{"start":{"line":245,"column":26},"end":{"line":251,"column":13}},"line":245},"20":{"name":"(anonymous_20)","decl":{"start":{"line":252,"column":19},"end":{"line":252,"column":20}},"loc":{"start":{"line":252,"column":28},"end":{"line":254,"column":13}},"line":252},"21":{"name":"(anonymous_21)","decl":{"start":{"line":256,"column":15},"end":{"line":256,"column":16}},"loc":{"start":{"line":256,"column":24},"end":{"line":258,"column":9}},"line":256},"22":{"name":"getFreeRooms4xHours","decl":{"start":{"line":262,"column":9},"end":{"line":262,"column":28}},"loc":{"start":{"line":262,"column":61},"end":{"line":280,"column":1}},"line":262},"23":{"name":"(anonymous_23)","decl":{"start":{"line":267,"column":18},"end":{"line":267,"column":19}},"loc":{"start":{"line":267,"column":26},"end":{"line":277,"column":9}},"line":267},"24":{"name":"getNearestLocation","decl":{"start":{"line":282,"column":9},"end":{"line":282,"column":27}},"loc":{"start":{"line":282,"column":39},"end":{"line":296,"column":1}},"line":282},"25":{"name":"getDistanceFromLatLonInKm","decl":{"start":{"line":298,"column":9},"end":{"line":298,"column":34}},"loc":{"start":{"line":298,"column":56},"end":{"line":310,"column":3}},"line":298},"26":{"name":"deg2rad","decl":{"start":{"line":312,"column":9},"end":{"line":312,"column":16}},"loc":{"start":{"line":312,"column":22},"end":{"line":314,"column":1}},"line":312},"27":{"name":"getMonday","decl":{"start":{"line":316,"column":9},"end":{"line":316,"column":18}},"loc":{"start":{"line":316,"column":22},"end":{"line":321,"column":1}},"line":316}},"branchMap":{"0":{"loc":{"start":{"line":6,"column":4},"end":{"line":8,"column":5}},"type":"if","locations":[{"start":{"line":6,"column":4},"end":{"line":8,"column":5}},{"start":{"line":6,"column":4},"end":{"line":8,"column":5}}],"line":6},"1":{"loc":{"start":{"line":9,"column":4},"end":{"line":11,"column":5}},"type":"if","locations":[{"start":{"line":9,"column":4},"end":{"line":11,"column":5}},{"start":{"line":9,"column":4},"end":{"line":11,"column":5}}],"line":9},"2":{"loc":{"start":{"line":14,"column":8},"end":{"line":15,"column":24}},"type":"if","locations":[{"start":{"line":14,"column":8},"end":{"line":15,"column":24}},{"start":{"line":14,"column":8},"end":{"line":15,"column":24}}],"line":14},"3":{"loc":{"start":{"line":34,"column":4},"end":{"line":36,"column":5}},"type":"if","locations":[{"start":{"line":34,"column":4},"end":{"line":36,"column":5}},{"start":{"line":34,"column":4},"end":{"line":36,"column":5}}],"line":34},"4":{"loc":{"start":{"line":37,"column":4},"end":{"line":39,"column":5}},"type":"if","locations":[{"start":{"line":37,"column":4},"end":{"line":39,"column":5}},{"start":{"line":37,"column":4},"end":{"line":39,"column":5}}],"line":37},"5":{"loc":{"start":{"line":40,"column":4},"end":{"line":42,"column":5}},"type":"if","locations":[{"start":{"line":40,"column":4},"end":{"line":42,"column":5}},{"start":{"line":40,"column":4},"end":{"line":42,"column":5}}],"line":40},"6":{"loc":{"start":{"line":46,"column":12},"end":{"line":48,"column":13}},"type":"if","locations":[{"start":{"line":46,"column":12},"end":{"line":48,"column":13}},{"start":{"line":46,"column":12},"end":{"line":48,"column":13}}],"line":46},"7":{"loc":{"start":{"line":64,"column":4},"end":{"line":66,"column":5}},"type":"if","locations":[{"start":{"line":64,"column":4},"end":{"line":66,"column":5}},{"start":{"line":64,"column":4},"end":{"line":66,"column":5}}],"line":64},"8":{"loc":{"start":{"line":67,"column":4},"end":{"line":69,"column":5}},"type":"if","locations":[{"start":{"line":67,"column":4},"end":{"line":69,"column":5}},{"start":{"line":67,"column":4},"end":{"line":69,"column":5}}],"line":67},"9":{"loc":{"start":{"line":72,"column":12},"end":{"line":77,"column":13}},"type":"if","locations":[{"start":{"line":72,"column":12},"end":{"line":77,"column":13}},{"start":{"line":72,"column":12},"end":{"line":77,"column":13}}],"line":72},"10":{"loc":{"start":{"line":84,"column":4},"end":{"line":86,"column":5}},"type":"if","locations":[{"start":{"line":84,"column":4},"end":{"line":86,"column":5}},{"start":{"line":84,"column":4},"end":{"line":86,"column":5}}],"line":84},"11":{"loc":{"start":{"line":87,"column":4},"end":{"line":89,"column":5}},"type":"if","locations":[{"start":{"line":87,"column":4},"end":{"line":89,"column":5}},{"start":{"line":87,"column":4},"end":{"line":89,"column":5}}],"line":87},"12":{"loc":{"start":{"line":87,"column":7},"end":{"line":87,"column":63}},"type":"binary-expr","locations":[{"start":{"line":87,"column":7},"end":{"line":87,"column":31}},{"start":{"line":87,"column":35},"end":{"line":87,"column":63}}],"line":87},"13":{"loc":{"start":{"line":90,"column":4},"end":{"line":92,"column":5}},"type":"if","locations":[{"start":{"line":90,"column":4},"end":{"line":92,"column":5}},{"start":{"line":90,"column":4},"end":{"line":92,"column":5}}],"line":90},"14":{"loc":{"start":{"line":94,"column":4},"end":{"line":96,"column":5}},"type":"if","locations":[{"start":{"line":94,"column":4},"end":{"line":96,"column":5}},{"start":{"line":94,"column":4},"end":{"line":96,"column":5}}],"line":94},"15":{"loc":{"start":{"line":98,"column":2},"end":{"line":112,"column":9}},"type":"if","locations":[{"start":{"line":98,"column":2},"end":{"line":112,"column":9}},{"start":{"line":98,"column":2},"end":{"line":112,"column":9}}],"line":98},"16":{"loc":{"start":{"line":98,"column":5},"end":{"line":98,"column":130}},"type":"binary-expr","locations":[{"start":{"line":98,"column":5},"end":{"line":98,"column":44}},{"start":{"line":98,"column":48},"end":{"line":98,"column":87}},{"start":{"line":98,"column":91},"end":{"line":98,"column":130}}],"line":98},"17":{"loc":{"start":{"line":104,"column":13},"end":{"line":112,"column":9}},"type":"if","locations":[{"start":{"line":104,"column":13},"end":{"line":112,"column":9}},{"start":{"line":104,"column":13},"end":{"line":112,"column":9}}],"line":104},"18":{"loc":{"start":{"line":104,"column":16},"end":{"line":104,"column":122}},"type":"binary-expr","locations":[{"start":{"line":104,"column":16},"end":{"line":104,"column":42}},{"start":{"line":104,"column":47},"end":{"line":104,"column":91}},{"start":{"line":104,"column":95},"end":{"line":104,"column":121}}],"line":104},"19":{"loc":{"start":{"line":106,"column":16},"end":{"line":110,"column":17}},"type":"if","locations":[{"start":{"line":106,"column":16},"end":{"line":110,"column":17}},{"start":{"line":106,"column":16},"end":{"line":110,"column":17}}],"line":106},"20":{"loc":{"start":{"line":106,"column":19},"end":{"line":106,"column":112}},"type":"binary-expr","locations":[{"start":{"line":106,"column":19},"end":{"line":106,"column":65}},{"start":{"line":106,"column":69},"end":{"line":106,"column":112}}],"line":106},"21":{"loc":{"start":{"line":119,"column":4},"end":{"line":121,"column":5}},"type":"if","locations":[{"start":{"line":119,"column":4},"end":{"line":121,"column":5}},{"start":{"line":119,"column":4},"end":{"line":121,"column":5}}],"line":119},"22":{"loc":{"start":{"line":122,"column":4},"end":{"line":124,"column":5}},"type":"if","locations":[{"start":{"line":122,"column":4},"end":{"line":124,"column":5}},{"start":{"line":122,"column":4},"end":{"line":124,"column":5}}],"line":122},"23":{"loc":{"start":{"line":122,"column":7},"end":{"line":122,"column":63}},"type":"binary-expr","locations":[{"start":{"line":122,"column":7},"end":{"line":122,"column":31}},{"start":{"line":122,"column":35},"end":{"line":122,"column":63}}],"line":122},"24":{"loc":{"start":{"line":125,"column":4},"end":{"line":127,"column":5}},"type":"if","locations":[{"start":{"line":125,"column":4},"end":{"line":127,"column":5}},{"start":{"line":125,"column":4},"end":{"line":127,"column":5}}],"line":125},"25":{"loc":{"start":{"line":130,"column":12},"end":{"line":133,"column":13}},"type":"if","locations":[{"start":{"line":130,"column":12},"end":{"line":133,"column":13}},{"start":{"line":130,"column":12},"end":{"line":133,"column":13}}],"line":130},"26":{"loc":{"start":{"line":136,"column":11},"end":{"line":136,"column":77}},"type":"cond-expr","locations":[{"start":{"line":136,"column":32},"end":{"line":136,"column":37}},{"start":{"line":136,"column":40},"end":{"line":136,"column":77}}],"line":136},"27":{"loc":{"start":{"line":141,"column":4},"end":{"line":143,"column":5}},"type":"if","locations":[{"start":{"line":141,"column":4},"end":{"line":143,"column":5}},{"start":{"line":141,"column":4},"end":{"line":143,"column":5}}],"line":141},"28":{"loc":{"start":{"line":167,"column":4},"end":{"line":169,"column":5}},"type":"if","locations":[{"start":{"line":167,"column":4},"end":{"line":169,"column":5}},{"start":{"line":167,"column":4},"end":{"line":169,"column":5}}],"line":167},"29":{"loc":{"start":{"line":167,"column":7},"end":{"line":167,"column":51}},"type":"binary-expr","locations":[{"start":{"line":167,"column":7},"end":{"line":167,"column":27}},{"start":{"line":167,"column":31},"end":{"line":167,"column":51}}],"line":167},"30":{"loc":{"start":{"line":170,"column":4},"end":{"line":172,"column":5}},"type":"if","locations":[{"start":{"line":170,"column":4},"end":{"line":172,"column":5}},{"start":{"line":170,"column":4},"end":{"line":172,"column":5}}],"line":170},"31":{"loc":{"start":{"line":175,"column":8},"end":{"line":227,"column":9}},"type":"if","locations":[{"start":{"line":175,"column":8},"end":{"line":227,"column":9}},{"start":{"line":175,"column":8},"end":{"line":227,"column":9}}],"line":175},"32":{"loc":{"start":{"line":176,"column":12},"end":{"line":226,"column":13}},"type":"if","locations":[{"start":{"line":176,"column":12},"end":{"line":226,"column":13}},{"start":{"line":176,"column":12},"end":{"line":226,"column":13}}],"line":176},"33":{"loc":{"start":{"line":177,"column":16},"end":{"line":202,"column":17}},"type":"if","locations":[{"start":{"line":177,"column":16},"end":{"line":202,"column":17}},{"start":{"line":177,"column":16},"end":{"line":202,"column":17}}],"line":177},"34":{"loc":{"start":{"line":205,"column":16},"end":{"line":224,"column":17}},"type":"if","locations":[{"start":{"line":205,"column":16},"end":{"line":224,"column":17}},{"start":{"line":205,"column":16},"end":{"line":224,"column":17}}],"line":205},"35":{"loc":{"start":{"line":229,"column":11},"end":{"line":229,"column":68}},"type":"cond-expr","locations":[{"start":{"line":229,"column":25},"end":{"line":229,"column":62}},{"start":{"line":229,"column":65},"end":{"line":229,"column":68}}],"line":229},"36":{"loc":{"start":{"line":264,"column":4},"end":{"line":278,"column":5}},"type":"if","locations":[{"start":{"line":264,"column":4},"end":{"line":278,"column":5}},{"start":{"line":264,"column":4},"end":{"line":278,"column":5}}],"line":264},"37":{"loc":{"start":{"line":268,"column":12},"end":{"line":276,"column":13}},"type":"if","locations":[{"start":{"line":268,"column":12},"end":{"line":276,"column":13}},{"start":{"line":268,"column":12},"end":{"line":276,"column":13}}],"line":268},"38":{"loc":{"start":{"line":271,"column":16},"end":{"line":273,"column":17}},"type":"if","locations":[{"start":{"line":271,"column":16},"end":{"line":273,"column":17}},{"start":{"line":271,"column":16},"end":{"line":273,"column":17}}],"line":271},"39":{"loc":{"start":{"line":279,"column":11},"end":{"line":279,"column":85}},"type":"cond-expr","locations":[{"start":{"line":279,"column":30},"end":{"line":279,"column":33}},{"start":{"line":279,"column":36},"end":{"line":279,"column":85}}],"line":279},"40":{"loc":{"start":{"line":286,"column":8},"end":{"line":293,"column":9}},"type":"if","locations":[{"start":{"line":286,"column":8},"end":{"line":293,"column":9}},{"start":{"line":286,"column":8},"end":{"line":293,"column":9}}],"line":286},"41":{"loc":{"start":{"line":289,"column":12},"end":{"line":292,"column":13}},"type":"if","locations":[{"start":{"line":289,"column":12},"end":{"line":292,"column":13}},{"start":{"line":289,"column":12},"end":{"line":292,"column":13}}],"line":289},"42":{"loc":{"start":{"line":319,"column":36},"end":{"line":319,"column":51}},"type":"cond-expr","locations":[{"start":{"line":319,"column":47},"end":{"line":319,"column":49}},{"start":{"line":319,"column":50},"end":{"line":319,"column":51}}],"line":319}},"s":{"0":1,"1":1,"2":5,"3":1,"4":4,"5":1,"6":3,"7":27,"8":1,"9":2,"10":0,"11":0,"12":0,"13":0,"14":0,"15":0,"16":4,"17":1,"18":3,"19":1,"20":2,"21":1,"22":1,"23":136,"24":136,"25":7888,"26":136,"27":136,"28":136,"29":1,"30":4,"31":1,"32":3,"33":1,"34":2,"35":44,"36":91,"37":62,"38":62,"39":62,"40":62,"41":2,"42":6,"43":1,"44":5,"45":2,"46":3,"47":1,"48":2,"49":1,"50":2,"51":44,"52":4,"53":4,"54":40,"55":40,"56":44,"57":36,"58":36,"59":36,"60":2,"61":5,"62":1,"63":4,"64":2,"65":2,"66":1,"67":1,"68":5,"69":9,"70":8,"71":8,"72":1,"73":3,"74":1,"75":2,"76":1,"77":0,"78":0,"79":0,"80":0,"81":0,"82":0,"83":0,"84":1,"85":4,"86":1,"87":3,"88":1,"89":2,"90":121,"91":3,"92":1,"93":1,"94":0,"95":2,"96":2,"97":0,"98":2,"99":2,"100":0,"101":0,"102":0,"103":0,"104":0,"105":0,"106":0,"107":0,"108":0,"109":0,"110":0,"111":0,"112":0,"113":0,"114":0,"115":0,"116":0,"117":0,"118":0,"119":0,"120":0,"121":0,"122":0,"123":0,"124":0,"125":0,"126":0,"127":0,"128":0,"129":0,"130":0,"131":0,"132":0,"133":0,"134":0,"135":0,"136":0,"137":0,"138":0,"139":0,"140":0,"141":0,"142":1},"f":{"0":5,"1":0,"2":4,"3":4,"4":6,"5":5,"6":3,"7":1,"8":0,"9":0,"10":0,"11":0,"12":1,"13":4,"14":0,"15":0,"16":0,"17":0,"18":0,"19":0,"20":0,"21":0,"22":0,"23":0,"24":0,"25":0,"26":0,"27":0},"b":{"0":[1,4],"1":[1,3],"2":[1,26],"3":[1,3],"4":[1,2],"5":[1,1],"6":[136,7752],"7":[1,3],"8":[1,2],"9":[62,29],"10":[1,5],"11":[2,3],"12":[5,3],"13":[1,2],"14":[1,1],"15":[4,40],"16":[44,4,4],"17":[40,0],"18":[40,40,40],"19":[36,8],"20":[44,38],"21":[1,4],"22":[2,2],"23":[4,2],"24":[1,1],"25":[8,1],"26":[1,0],"27":[1,2],"28":[1,3],"29":[4,3],"30":[1,2],"31":[3,118],"32":[1,2],"33":[1,0],"34":[2,0],"35":[1,1],"36":[0,0],"37":[0,0],"38":[0,0],"39":[0,0],"40":[0,0],"41":[0,0],"42":[0,0]},"_coverageSchema":"332fd63041d2c1bcb487cc26dd0d5f7d97098a6c","hash":"ae4be6a657060c32370f326944887e4752ac0a9e"}
}
