{"/home/mirko/Scrivania/Uniroom/DarkPovoGang/Test/data.js": {"path":"/home/mirko/Scrivania/Uniroom/DarkPovoGang/Test/data.js","statementMap":{"0":{"start":{"line":1,"column":14},"end":{"line":1,"column":18060}},"1":{"start":{"line":4,"column":12},"end":{"line":4,"column":672150}},"2":{"start":{"line":7,"column":24},"end":{"line":7,"column":10816}},"3":{"start":{"line":11,"column":18},"end":{"line":11,"column":1344}},"4":{"start":{"line":13,"column":0},"end":{"line":13,"column":58}}},"fnMap":{},"branchMap":{},"s":{"0":1,"1":1,"2":1,"3":1,"4":1},"f":{},"b":{},"_coverageSchema":"332fd63041d2c1bcb487cc26dd0d5f7d97098a6c","hash":"d707f999d6c6b8d36aa45a47a17471aaf4e9d9f3"}
,"/home/mirko/Scrivania/Uniroom/DarkPovoGang/server/data.js": {"path":"/home/mirko/Scrivania/Uniroom/DarkPovoGang/server/data.js","statementMap":{"0":{"start":{"line":1,"column":19},"end":{"line":9,"column":17}},"1":{"start":{"line":11,"column":22},"end":{"line":19,"column":1}},"2":{"start":{"line":21,"column":0},"end":{"line":21,"column":50}}},"fnMap":{},"branchMap":{},"s":{"0":1,"1":1,"2":1},"f":{},"b":{},"_coverageSchema":"332fd63041d2c1bcb487cc26dd0d5f7d97098a6c","hash":"22b27476c174664400a760b34f933e48e2ffe5b8"}
,"/home/mirko/Scrivania/Uniroom/DarkPovoGang/server/utilities.js": {"path":"/home/mirko/Scrivania/Uniroom/DarkPovoGang/server/utilities.js","statementMap":{"0":{"start":{"line":1,"column":14},"end":{"line":1,"column":35}},"1":{"start":{"line":2,"column":15},"end":{"line":2,"column":32}},"2":{"start":{"line":3,"column":19},"end":{"line":3,"column":36}},"3":{"start":{"line":6,"column":4},"end":{"line":8,"column":5}},"4":{"start":{"line":7,"column":8},"end":{"line":7,"column":49}},"5":{"start":{"line":9,"column":4},"end":{"line":11,"column":5}},"6":{"start":{"line":10,"column":8},"end":{"line":10,"column":60}},"7":{"start":{"line":12,"column":4},"end":{"line":16,"column":5}},"8":{"start":{"line":14,"column":8},"end":{"line":15,"column":24}},"9":{"start":{"line":15,"column":12},"end":{"line":15,"column":24}},"10":{"start":{"line":17,"column":4},"end":{"line":17,"column":17}},"11":{"start":{"line":22,"column":4},"end":{"line":24,"column":5}},"12":{"start":{"line":23,"column":8},"end":{"line":23,"column":49}},"13":{"start":{"line":25,"column":4},"end":{"line":27,"column":5}},"14":{"start":{"line":26,"column":8},"end":{"line":26,"column":60}},"15":{"start":{"line":28,"column":16},"end":{"line":28,"column":18}},"16":{"start":{"line":29,"column":4},"end":{"line":61,"column":5}},"17":{"start":{"line":30,"column":19},"end":{"line":39,"column":21}},"18":{"start":{"line":40,"column":17},"end":{"line":40,"column":19}},"19":{"start":{"line":41,"column":8},"end":{"line":45,"column":9}},"20":{"start":{"line":42,"column":12},"end":{"line":44,"column":13}},"21":{"start":{"line":43,"column":16},"end":{"line":43,"column":23}},"22":{"start":{"line":47,"column":8},"end":{"line":59,"column":9}},"23":{"start":{"line":48,"column":28},"end":{"line":54,"column":13}},"24":{"start":{"line":55,"column":12},"end":{"line":55,"column":45}},"25":{"start":{"line":56,"column":12},"end":{"line":56,"column":20}},"26":{"start":{"line":58,"column":12},"end":{"line":58,"column":29}},"27":{"start":{"line":62,"column":4},"end":{"line":62,"column":17}},"28":{"start":{"line":69,"column":4},"end":{"line":71,"column":5}},"29":{"start":{"line":70,"column":8},"end":{"line":70,"column":49}},"30":{"start":{"line":72,"column":4},"end":{"line":74,"column":5}},"31":{"start":{"line":73,"column":8},"end":{"line":73,"column":60}},"32":{"start":{"line":75,"column":4},"end":{"line":84,"column":5}},"33":{"start":{"line":76,"column":8},"end":{"line":83,"column":9}},"34":{"start":{"line":77,"column":12},"end":{"line":82,"column":13}},"35":{"start":{"line":78,"column":16},"end":{"line":78,"column":66}},"36":{"start":{"line":79,"column":16},"end":{"line":79,"column":86}},"37":{"start":{"line":80,"column":16},"end":{"line":80,"column":49}},"38":{"start":{"line":81,"column":16},"end":{"line":81,"column":20}},"39":{"start":{"line":85,"column":4},"end":{"line":85,"column":17}},"40":{"start":{"line":91,"column":4},"end":{"line":93,"column":5}},"41":{"start":{"line":92,"column":8},"end":{"line":92,"column":48}},"42":{"start":{"line":94,"column":4},"end":{"line":96,"column":5}},"43":{"start":{"line":95,"column":8},"end":{"line":95,"column":54}},"44":{"start":{"line":98,"column":4},"end":{"line":100,"column":5}},"45":{"start":{"line":99,"column":8},"end":{"line":99,"column":66}},"46":{"start":{"line":101,"column":4},"end":{"line":117,"column":5}},"47":{"start":{"line":102,"column":2},"end":{"line":116,"column":9}},"48":{"start":{"line":103,"column":3},"end":{"line":103,"column":21}},"49":{"start":{"line":104,"column":3},"end":{"line":104,"column":7}},"50":{"start":{"line":108,"column":13},"end":{"line":116,"column":9}},"51":{"start":{"line":109,"column":12},"end":{"line":115,"column":13}},"52":{"start":{"line":110,"column":16},"end":{"line":114,"column":17}},"53":{"start":{"line":111,"column":20},"end":{"line":111,"column":39}},"54":{"start":{"line":112,"column":20},"end":{"line":112,"column":24}},"55":{"start":{"line":113,"column":20},"end":{"line":113,"column":26}},"56":{"start":{"line":118,"column":4},"end":{"line":118,"column":17}},"57":{"start":{"line":123,"column":4},"end":{"line":130,"column":5}},"58":{"start":{"line":124,"column":8},"end":{"line":129,"column":9}},"59":{"start":{"line":125,"column":12},"end":{"line":128,"column":13}},"60":{"start":{"line":126,"column":16},"end":{"line":126,"column":44}},"61":{"start":{"line":127,"column":16},"end":{"line":127,"column":21}},"62":{"start":{"line":131,"column":4},"end":{"line":131,"column":17}},"63":{"start":{"line":138,"column":4},"end":{"line":157,"column":11}},"64":{"start":{"line":140,"column":12},"end":{"line":140,"column":34}},"65":{"start":{"line":143,"column":28},"end":{"line":143,"column":43}},"66":{"start":{"line":144,"column":12},"end":{"line":144,"column":29}},"67":{"start":{"line":147,"column":25},"end":{"line":147,"column":27}},"68":{"start":{"line":148,"column":12},"end":{"line":152,"column":15}},"69":{"start":{"line":149,"column":16},"end":{"line":151,"column":19}},"70":{"start":{"line":150,"column":20},"end":{"line":150,"column":88}},"71":{"start":{"line":153,"column":12},"end":{"line":153,"column":26}},"72":{"start":{"line":156,"column":12},"end":{"line":156,"column":31}},"73":{"start":{"line":164,"column":4},"end":{"line":218,"column":5}},"74":{"start":{"line":165,"column":8},"end":{"line":217,"column":9}},"75":{"start":{"line":166,"column":12},"end":{"line":216,"column":13}},"76":{"start":{"line":167,"column":16},"end":{"line":192,"column":17}},"77":{"start":{"line":168,"column":20},"end":{"line":179,"column":22}},"78":{"start":{"line":181,"column":20},"end":{"line":191,"column":22}},"79":{"start":{"line":195,"column":16},"end":{"line":214,"column":17}},"80":{"start":{"line":196,"column":20},"end":{"line":204,"column":22}},"81":{"start":{"line":206,"column":20},"end":{"line":213,"column":22}},"82":{"start":{"line":215,"column":16},"end":{"line":215,"column":43}},"83":{"start":{"line":219,"column":4},"end":{"line":219,"column":69}},"84":{"start":{"line":224,"column":4},"end":{"line":224,"column":72}},"85":{"start":{"line":228,"column":0},"end":{"line":229,"column":84}}},"fnMap":{"0":{"name":"inArray","decl":{"start":{"line":5,"column":9},"end":{"line":5,"column":16}},"loc":{"start":{"line":5,"column":22},"end":{"line":18,"column":1}},"line":5},"1":{"name":"getRoomList","decl":{"start":{"line":21,"column":9},"end":{"line":21,"column":20}},"loc":{"start":{"line":21,"column":29},"end":{"line":63,"column":1}},"line":21},"2":{"name":"cleanSchedule","decl":{"start":{"line":68,"column":9},"end":{"line":68,"column":22}},"loc":{"start":{"line":68,"column":30},"end":{"line":86,"column":1}},"line":68},"3":{"name":"getFreeRooms","decl":{"start":{"line":89,"column":9},"end":{"line":89,"column":21}},"loc":{"start":{"line":89,"column":40},"end":{"line":119,"column":1}},"line":89},"4":{"name":"cleanPastSchedule","decl":{"start":{"line":122,"column":9},"end":{"line":122,"column":26}},"loc":{"start":{"line":122,"column":45},"end":{"line":132,"column":1}},"line":122},"5":{"name":"idRoomCode","decl":{"start":{"line":137,"column":9},"end":{"line":137,"column":19}},"loc":{"start":{"line":137,"column":25},"end":{"line":158,"column":1}},"line":137},"6":{"name":"(anonymous_6)","decl":{"start":{"line":139,"column":14},"end":{"line":139,"column":15}},"loc":{"start":{"line":139,"column":26},"end":{"line":141,"column":9}},"line":139},"7":{"name":"(anonymous_7)","decl":{"start":{"line":142,"column":14},"end":{"line":142,"column":15}},"loc":{"start":{"line":142,"column":22},"end":{"line":145,"column":9}},"line":142},"8":{"name":"(anonymous_8)","decl":{"start":{"line":146,"column":14},"end":{"line":146,"column":15}},"loc":{"start":{"line":146,"column":27},"end":{"line":154,"column":9}},"line":146},"9":{"name":"(anonymous_9)","decl":{"start":{"line":148,"column":39},"end":{"line":148,"column":40}},"loc":{"start":{"line":148,"column":47},"end":{"line":152,"column":13}},"line":148},"10":{"name":"(anonymous_10)","decl":{"start":{"line":149,"column":49},"end":{"line":149,"column":50}},"loc":{"start":{"line":149,"column":57},"end":{"line":151,"column":17}},"line":149},"11":{"name":"(anonymous_11)","decl":{"start":{"line":155,"column":15},"end":{"line":155,"column":16}},"loc":{"start":{"line":155,"column":24},"end":{"line":157,"column":9}},"line":155},"12":{"name":"getRoomSchedule","decl":{"start":{"line":162,"column":9},"end":{"line":162,"column":24}},"loc":{"start":{"line":162,"column":41},"end":{"line":220,"column":1}},"line":162},"13":{"name":"getNearestLocation","decl":{"start":{"line":223,"column":9},"end":{"line":223,"column":27}},"loc":{"start":{"line":223,"column":39},"end":{"line":225,"column":1}},"line":223}},"branchMap":{"0":{"loc":{"start":{"line":6,"column":4},"end":{"line":8,"column":5}},"type":"if","locations":[{"start":{"line":6,"column":4},"end":{"line":8,"column":5}},{"start":{"line":6,"column":4},"end":{"line":8,"column":5}}],"line":6},"1":{"loc":{"start":{"line":9,"column":4},"end":{"line":11,"column":5}},"type":"if","locations":[{"start":{"line":9,"column":4},"end":{"line":11,"column":5}},{"start":{"line":9,"column":4},"end":{"line":11,"column":5}}],"line":9},"2":{"loc":{"start":{"line":14,"column":8},"end":{"line":15,"column":24}},"type":"if","locations":[{"start":{"line":14,"column":8},"end":{"line":15,"column":24}},{"start":{"line":14,"column":8},"end":{"line":15,"column":24}}],"line":14},"3":{"loc":{"start":{"line":22,"column":4},"end":{"line":24,"column":5}},"type":"if","locations":[{"start":{"line":22,"column":4},"end":{"line":24,"column":5}},{"start":{"line":22,"column":4},"end":{"line":24,"column":5}}],"line":22},"4":{"loc":{"start":{"line":25,"column":4},"end":{"line":27,"column":5}},"type":"if","locations":[{"start":{"line":25,"column":4},"end":{"line":27,"column":5}},{"start":{"line":25,"column":4},"end":{"line":27,"column":5}}],"line":25},"5":{"loc":{"start":{"line":42,"column":12},"end":{"line":44,"column":13}},"type":"if","locations":[{"start":{"line":42,"column":12},"end":{"line":44,"column":13}},{"start":{"line":42,"column":12},"end":{"line":44,"column":13}}],"line":42},"6":{"loc":{"start":{"line":47,"column":8},"end":{"line":59,"column":9}},"type":"if","locations":[{"start":{"line":47,"column":8},"end":{"line":59,"column":9}},{"start":{"line":47,"column":8},"end":{"line":59,"column":9}}],"line":47},"7":{"loc":{"start":{"line":69,"column":4},"end":{"line":71,"column":5}},"type":"if","locations":[{"start":{"line":69,"column":4},"end":{"line":71,"column":5}},{"start":{"line":69,"column":4},"end":{"line":71,"column":5}}],"line":69},"8":{"loc":{"start":{"line":72,"column":4},"end":{"line":74,"column":5}},"type":"if","locations":[{"start":{"line":72,"column":4},"end":{"line":74,"column":5}},{"start":{"line":72,"column":4},"end":{"line":74,"column":5}}],"line":72},"9":{"loc":{"start":{"line":77,"column":12},"end":{"line":82,"column":13}},"type":"if","locations":[{"start":{"line":77,"column":12},"end":{"line":82,"column":13}},{"start":{"line":77,"column":12},"end":{"line":82,"column":13}}],"line":77},"10":{"loc":{"start":{"line":91,"column":4},"end":{"line":93,"column":5}},"type":"if","locations":[{"start":{"line":91,"column":4},"end":{"line":93,"column":5}},{"start":{"line":91,"column":4},"end":{"line":93,"column":5}}],"line":91},"11":{"loc":{"start":{"line":94,"column":4},"end":{"line":96,"column":5}},"type":"if","locations":[{"start":{"line":94,"column":4},"end":{"line":96,"column":5}},{"start":{"line":94,"column":4},"end":{"line":96,"column":5}}],"line":94},"12":{"loc":{"start":{"line":94,"column":7},"end":{"line":94,"column":63}},"type":"binary-expr","locations":[{"start":{"line":94,"column":7},"end":{"line":94,"column":31}},{"start":{"line":94,"column":35},"end":{"line":94,"column":63}}],"line":94},"13":{"loc":{"start":{"line":98,"column":4},"end":{"line":100,"column":5}},"type":"if","locations":[{"start":{"line":98,"column":4},"end":{"line":100,"column":5}},{"start":{"line":98,"column":4},"end":{"line":100,"column":5}}],"line":98},"14":{"loc":{"start":{"line":102,"column":2},"end":{"line":116,"column":9}},"type":"if","locations":[{"start":{"line":102,"column":2},"end":{"line":116,"column":9}},{"start":{"line":102,"column":2},"end":{"line":116,"column":9}}],"line":102},"15":{"loc":{"start":{"line":102,"column":5},"end":{"line":102,"column":130}},"type":"binary-expr","locations":[{"start":{"line":102,"column":5},"end":{"line":102,"column":44}},{"start":{"line":102,"column":48},"end":{"line":102,"column":87}},{"start":{"line":102,"column":91},"end":{"line":102,"column":130}}],"line":102},"16":{"loc":{"start":{"line":108,"column":13},"end":{"line":116,"column":9}},"type":"if","locations":[{"start":{"line":108,"column":13},"end":{"line":116,"column":9}},{"start":{"line":108,"column":13},"end":{"line":116,"column":9}}],"line":108},"17":{"loc":{"start":{"line":108,"column":16},"end":{"line":108,"column":122}},"type":"binary-expr","locations":[{"start":{"line":108,"column":16},"end":{"line":108,"column":42}},{"start":{"line":108,"column":47},"end":{"line":108,"column":91}},{"start":{"line":108,"column":95},"end":{"line":108,"column":121}}],"line":108},"18":{"loc":{"start":{"line":110,"column":16},"end":{"line":114,"column":17}},"type":"if","locations":[{"start":{"line":110,"column":16},"end":{"line":114,"column":17}},{"start":{"line":110,"column":16},"end":{"line":114,"column":17}}],"line":110},"19":{"loc":{"start":{"line":110,"column":19},"end":{"line":110,"column":111}},"type":"binary-expr","locations":[{"start":{"line":110,"column":19},"end":{"line":110,"column":64}},{"start":{"line":110,"column":68},"end":{"line":110,"column":111}}],"line":110},"20":{"loc":{"start":{"line":125,"column":12},"end":{"line":128,"column":13}},"type":"if","locations":[{"start":{"line":125,"column":12},"end":{"line":128,"column":13}},{"start":{"line":125,"column":12},"end":{"line":128,"column":13}}],"line":125},"21":{"loc":{"start":{"line":165,"column":8},"end":{"line":217,"column":9}},"type":"if","locations":[{"start":{"line":165,"column":8},"end":{"line":217,"column":9}},{"start":{"line":165,"column":8},"end":{"line":217,"column":9}}],"line":165},"22":{"loc":{"start":{"line":166,"column":12},"end":{"line":216,"column":13}},"type":"if","locations":[{"start":{"line":166,"column":12},"end":{"line":216,"column":13}},{"start":{"line":166,"column":12},"end":{"line":216,"column":13}}],"line":166},"23":{"loc":{"start":{"line":167,"column":16},"end":{"line":192,"column":17}},"type":"if","locations":[{"start":{"line":167,"column":16},"end":{"line":192,"column":17}},{"start":{"line":167,"column":16},"end":{"line":192,"column":17}}],"line":167},"24":{"loc":{"start":{"line":195,"column":16},"end":{"line":214,"column":17}},"type":"if","locations":[{"start":{"line":195,"column":16},"end":{"line":214,"column":17}},{"start":{"line":195,"column":16},"end":{"line":214,"column":17}}],"line":195},"25":{"loc":{"start":{"line":219,"column":11},"end":{"line":219,"column":68}},"type":"cond-expr","locations":[{"start":{"line":219,"column":25},"end":{"line":219,"column":62}},{"start":{"line":219,"column":65},"end":{"line":219,"column":68}}],"line":219}},"s":{"0":1,"1":1,"2":1,"3":5,"4":1,"5":4,"6":1,"7":3,"8":27,"9":1,"10":2,"11":4,"12":1,"13":3,"14":1,"15":2,"16":2,"17":135,"18":135,"19":135,"20":4779,"21":91,"22":135,"23":91,"24":91,"25":91,"26":44,"27":2,"28":4,"29":1,"30":3,"31":1,"32":2,"33":44,"34":91,"35":62,"36":62,"37":62,"38":62,"39":2,"40":5,"41":1,"42":4,"43":2,"44":2,"45":1,"46":2,"47":44,"48":4,"49":4,"50":40,"51":40,"52":44,"53":35,"54":35,"55":35,"56":2,"57":0,"58":0,"59":0,"60":0,"61":0,"62":0,"63":0,"64":0,"65":0,"66":0,"67":0,"68":0,"69":0,"70":0,"71":0,"72":0,"73":0,"74":0,"75":0,"76":0,"77":0,"78":0,"79":0,"80":0,"81":0,"82":0,"83":0,"84":0,"85":1},"f":{"0":5,"1":4,"2":4,"3":5,"4":0,"5":0,"6":0,"7":0,"8":0,"9":0,"10":0,"11":0,"12":0,"13":0},"b":{"0":[1,4],"1":[1,3],"2":[1,26],"3":[1,3],"4":[1,2],"5":[91,4688],"6":[91,44],"7":[1,3],"8":[1,2],"9":[62,29],"10":[1,4],"11":[2,2],"12":[4,2],"13":[1,1],"14":[4,40],"15":[44,4,4],"16":[40,0],"17":[40,40,40],"18":[35,9],"19":[44,37],"20":[0,0],"21":[0,0],"22":[0,0],"23":[0,0],"24":[0,0],"25":[0,0]},"_coverageSchema":"332fd63041d2c1bcb487cc26dd0d5f7d97098a6c","hash":"bc4f93c30c273955d1c49bb7032340c2731a2dca"}
}
