TN:
SF:/home/mirko/Scrivania/Uniroom/DarkPovoGang/Test/data.js
FNF:0
FNH:0
DA:1,1
DA:4,1
DA:7,1
DA:10,1
DA:13,1
DA:15,1
DA:18,1
DA:21,1
DA:23,1
DA:25,1
LF:10
LH:10
BRF:0
BRH:0
end_of_record
TN:
SF:/home/mirko/Scrivania/Uniroom/DarkPovoGang/client/js/myjs.js
FN:5,delay
FN:6,(anonymous_1)
FN:11,showCommand
FN:21,go
FN:35,getQueryVariable
FNF:5
FNH:2
FNDA:0,delay
FNDA:0,(anonymous_1)
FNDA:1,showCommand
FNDA:0,go
FNDA:7,getQueryVariable
DA:1,1
DA:6,0
DA:7,0
DA:12,1
DA:13,1
DA:14,1
DA:15,0
DA:16,0
DA:23,0
DA:24,0
DA:25,0
DA:26,0
DA:29,0
DA:30,0
DA:31,0
DA:36,7
DA:37,7
DA:38,0
DA:39,0
DA:40,0
DA:99,1
LF:21
LH:7
BRDA:25,0,0,0
BRDA:25,0,1,0
BRDA:38,1,0,0
BRDA:38,1,1,0
BRF:4
BRH:0
end_of_record
TN:
SF:/home/mirko/Scrivania/Uniroom/DarkPovoGang/server/data.js
FNF:0
FNH:0
DA:1,1
DA:11,1
DA:21,1
DA:32,1
DA:42,1
LF:5
LH:5
BRF:0
BRH:0
end_of_record
TN:
SF:/home/mirko/Scrivania/Uniroom/DarkPovoGang/server/utilities.js
FN:13,inArray
FN:28,getAllRooms
FN:41,getRoomList
FN:83,cleanSchedule
FN:103,getFreeRooms
FN:138,cleanPastSchedule
FN:160,idRoomCode
FN:165,(anonymous_7)
FN:168,(anonymous_8)
FN:172,(anonymous_9)
FN:174,(anonymous_10)
FN:175,(anonymous_11)
FN:181,(anonymous_12)
FN:186,getRoomSchedule
FN:252,getDaySchedule
FN:255,(anonymous_15)
FN:257,(anonymous_16)
FN:260,(anonymous_17)
FN:262,(anonymous_18)
FN:265,(anonymous_19)
FN:272,(anonymous_20)
FN:276,(anonymous_21)
FN:282,getFreeRooms4xHours
FN:287,(anonymous_23)
FN:303,getNearestLocation
FN:319,getDistanceFromLatLonInKm
FN:333,deg2rad
FN:337,getMonday
FNF:28
FNH:13
FNDA:5,inArray
FNDA:0,getAllRooms
FNDA:3,getRoomList
FNDA:4,cleanSchedule
FNDA:6,getFreeRooms
FNDA:5,cleanPastSchedule
FNDA:4,idRoomCode
FNDA:3,(anonymous_7)
FNDA:2,(anonymous_8)
FNDA:2,(anonymous_9)
FNDA:16,(anonymous_10)
FNDA:606,(anonymous_11)
FNDA:1,(anonymous_12)
FNDA:4,getRoomSchedule
FNDA:0,getDaySchedule
FNDA:0,(anonymous_15)
FNDA:0,(anonymous_16)
FNDA:0,(anonymous_17)
FNDA:0,(anonymous_18)
FNDA:0,(anonymous_19)
FNDA:0,(anonymous_20)
FNDA:0,(anonymous_21)
FNDA:0,getFreeRooms4xHours
FNDA:0,(anonymous_23)
FNDA:0,getNearestLocation
FNDA:0,getDistanceFromLatLonInKm
FNDA:0,deg2rad
FNDA:0,getMonday
DA:1,1
DA:2,1
DA:3,1
DA:4,1
DA:5,1
DA:6,1
DA:7,1
DA:8,1
DA:9,1
DA:10,1
DA:14,5
DA:15,1
DA:17,4
DA:18,1
DA:20,3
DA:22,27
DA:23,1
DA:25,2
DA:29,0
DA:30,0
DA:31,0
DA:32,0
DA:36,0
DA:38,0
DA:42,3
DA:43,1
DA:45,2
DA:46,1
DA:48,1
DA:59,0
DA:60,0
DA:61,0
DA:62,0
DA:67,0
DA:74,0
DA:80,1
DA:84,4
DA:85,1
DA:87,3
DA:88,1
DA:90,2
DA:91,44
DA:92,91
DA:93,62
DA:94,62
DA:95,62
DA:96,62
DA:100,2
DA:104,6
DA:105,1
DA:107,5
DA:108,2
DA:110,3
DA:111,1
DA:114,2
DA:115,1
DA:117,2
DA:118,44
DA:119,4
DA:120,4
DA:124,40
DA:125,40
DA:126,44
DA:127,36
DA:128,36
DA:129,36
DA:134,2
DA:139,5
DA:140,1
DA:142,4
DA:143,2
DA:145,2
DA:146,1
DA:148,1
DA:149,5
DA:150,9
DA:151,8
DA:152,8
DA:156,1
DA:161,4
DA:162,1
DA:164,3
DA:166,3
DA:169,2
DA:170,2
DA:173,2
DA:174,2
DA:175,16
DA:176,606
DA:179,2
DA:182,1
DA:187,4
DA:188,1
DA:190,3
DA:191,1
DA:194,2
DA:195,121
DA:196,3
DA:197,1
DA:198,1
DA:211,0
DA:225,2
DA:226,2
DA:236,0
DA:245,2
DA:249,2
DA:253,0
DA:255,0
DA:256,0
DA:258,0
DA:261,0
DA:263,0
DA:266,0
DA:268,0
DA:270,0
DA:273,0
DA:277,0
DA:283,0
DA:284,0
DA:285,0
DA:287,0
DA:288,0
DA:289,0
DA:290,0
DA:291,0
DA:292,0
DA:295,0
DA:300,0
DA:304,0
DA:306,0
DA:307,0
DA:308,0
DA:310,0
DA:311,0
DA:312,0
DA:316,0
DA:320,0
DA:321,0
DA:322,0
DA:324,0
DA:328,0
DA:329,0
DA:330,0
DA:334,0
DA:338,0
DA:339,0
DA:340,0
DA:341,0
DA:344,1
LF:149
LH:93
BRDA:14,0,0,1
BRDA:14,0,1,4
BRDA:17,1,0,1
BRDA:17,1,1,3
BRDA:22,2,0,1
BRDA:22,2,1,26
BRDA:42,3,0,1
BRDA:42,3,1,2
BRDA:45,4,0,1
BRDA:45,4,1,1
BRDA:61,5,0,0
BRDA:61,5,1,0
BRDA:84,6,0,1
BRDA:84,6,1,3
BRDA:87,7,0,1
BRDA:87,7,1,2
BRDA:92,8,0,62
BRDA:92,8,1,29
BRDA:104,9,0,1
BRDA:104,9,1,5
BRDA:107,10,0,2
BRDA:107,10,1,3
BRDA:107,11,0,5
BRDA:107,11,1,3
BRDA:110,12,0,1
BRDA:110,12,1,2
BRDA:114,13,0,1
BRDA:114,13,1,1
BRDA:118,14,0,4
BRDA:118,14,1,40
BRDA:118,15,0,44
BRDA:118,15,1,4
BRDA:118,15,2,4
BRDA:124,16,0,40
BRDA:124,16,1,0
BRDA:124,17,0,40
BRDA:124,17,1,40
BRDA:124,17,2,40
BRDA:126,18,0,36
BRDA:126,18,1,8
BRDA:126,19,0,44
BRDA:126,19,1,38
BRDA:139,20,0,1
BRDA:139,20,1,4
BRDA:142,21,0,2
BRDA:142,21,1,2
BRDA:142,22,0,4
BRDA:142,22,1,2
BRDA:145,23,0,1
BRDA:145,23,1,1
BRDA:150,24,0,8
BRDA:150,24,1,1
BRDA:156,25,0,1
BRDA:156,25,1,0
BRDA:161,26,0,1
BRDA:161,26,1,3
BRDA:187,27,0,1
BRDA:187,27,1,3
BRDA:187,28,0,4
BRDA:187,28,1,3
BRDA:190,29,0,1
BRDA:190,29,1,2
BRDA:195,30,0,3
BRDA:195,30,1,118
BRDA:196,31,0,1
BRDA:196,31,1,2
BRDA:197,32,0,1
BRDA:197,32,1,0
BRDA:225,33,0,2
BRDA:225,33,1,0
BRDA:249,34,0,1
BRDA:249,34,1,1
BRDA:284,35,0,0
BRDA:284,35,1,0
BRDA:288,36,0,0
BRDA:288,36,1,0
BRDA:291,37,0,0
BRDA:291,37,1,0
BRDA:300,38,0,0
BRDA:300,38,1,0
BRDA:307,39,0,0
BRDA:307,39,1,0
BRDA:310,40,0,0
BRDA:310,40,1,0
BRDA:340,41,0,0
BRDA:340,41,1,0
BRF:86
BRH:66
end_of_record
