TN:
SF:/home/mirko/Scrivania/Uniroom/DarkPovoGang/Test/data.js
FNF:0
FNH:0
DA:1,1
DA:4,1
DA:6,1
DA:9,1
DA:12,1
DA:14,1
DA:17,1
DA:20,1
DA:22,1
DA:24,1
DA:26,1
DA:28,1
LF:12
LH:12
BRF:0
BRH:0
end_of_record
TN:
SF:/home/mirko/Scrivania/Uniroom/DarkPovoGang/client/js/myjs.js
FN:5,delay
FN:6,(anonymous_1)
FN:11,showCommand
FN:21,go
FN:35,getQueryVariable
FNF:5
FNH:2
FNDA:0,delay
FNDA:0,(anonymous_1)
FNDA:1,showCommand
FNDA:0,go
FNDA:7,getQueryVariable
DA:1,1
DA:6,0
DA:7,0
DA:12,1
DA:13,1
DA:14,1
DA:15,0
DA:16,0
DA:23,0
DA:24,0
DA:25,0
DA:26,0
DA:29,0
DA:30,0
DA:31,0
DA:36,7
DA:37,7
DA:38,0
DA:39,0
DA:40,0
DA:99,1
LF:21
LH:7
BRDA:25,0,0,0
BRDA:25,0,1,0
BRDA:38,1,0,0
BRDA:38,1,1,0
BRF:4
BRH:0
end_of_record
TN:
SF:/home/mirko/Scrivania/Uniroom/DarkPovoGang/server/data.js
FNF:0
FNH:0
DA:1,1
DA:11,1
DA:21,1
DA:32,1
DA:42,1
LF:5
LH:5
BRF:0
BRH:0
end_of_record
TN:
SF:/home/mirko/Scrivania/Uniroom/DarkPovoGang/server/utilities.js
FN:13,inArray
FN:28,getAllRooms
FN:41,getRoomList
FN:68,cleanSchedule
FN:88,getFreeRooms
FN:123,cleanPastSchedule
FN:145,idRoomCode
FN:150,(anonymous_7)
FN:153,(anonymous_8)
FN:157,(anonymous_9)
FN:159,(anonymous_10)
FN:160,(anonymous_11)
FN:166,(anonymous_12)
FN:171,getRoomSchedule
FN:237,getDaySchedule
FN:240,(anonymous_15)
FN:242,(anonymous_16)
FN:245,(anonymous_17)
FN:247,(anonymous_18)
FN:250,(anonymous_19)
FN:257,(anonymous_20)
FN:261,(anonymous_21)
FN:267,getFreeRooms4xHours
FN:272,(anonymous_23)
FN:288,getNearestLocation
FN:304,getDistanceFromLatLonInKm
FN:318,deg2rad
FN:322,getMonday
FNF:28
FNH:13
FNDA:5,inArray
FNDA:0,getAllRooms
FNDA:4,getRoomList
FNDA:4,cleanSchedule
FNDA:6,getFreeRooms
FNDA:5,cleanPastSchedule
FNDA:4,idRoomCode
FNDA:3,(anonymous_7)
FNDA:2,(anonymous_8)
FNDA:2,(anonymous_9)
FNDA:16,(anonymous_10)
FNDA:606,(anonymous_11)
FNDA:1,(anonymous_12)
FNDA:4,getRoomSchedule
FNDA:0,getDaySchedule
FNDA:0,(anonymous_15)
FNDA:0,(anonymous_16)
FNDA:0,(anonymous_17)
FNDA:0,(anonymous_18)
FNDA:0,(anonymous_19)
FNDA:0,(anonymous_20)
FNDA:0,(anonymous_21)
FNDA:0,getFreeRooms4xHours
FNDA:0,(anonymous_23)
FNDA:0,getNearestLocation
FNDA:0,getDistanceFromLatLonInKm
FNDA:0,deg2rad
FNDA:0,getMonday
DA:1,1
DA:2,1
DA:3,1
DA:4,1
DA:5,1
DA:6,1
DA:7,1
DA:8,1
DA:9,1
DA:10,1
DA:14,5
DA:15,1
DA:17,4
DA:18,1
DA:20,3
DA:22,27
DA:23,1
DA:25,2
DA:29,0
DA:30,0
DA:31,0
DA:32,0
DA:36,0
DA:38,0
DA:42,4
DA:43,2
DA:45,2
DA:46,1
DA:48,1
DA:49,0
DA:50,0
DA:51,0
DA:52,0
DA:56,0
DA:63,0
DA:65,1
DA:69,4
DA:70,1
DA:72,3
DA:73,1
DA:75,2
DA:76,44
DA:77,91
DA:78,62
DA:79,62
DA:80,62
DA:81,62
DA:85,2
DA:89,6
DA:90,1
DA:92,5
DA:93,2
DA:95,3
DA:96,1
DA:99,2
DA:100,1
DA:102,2
DA:103,44
DA:104,4
DA:105,4
DA:109,40
DA:110,40
DA:111,44
DA:112,36
DA:113,36
DA:114,36
DA:119,2
DA:124,5
DA:125,1
DA:127,4
DA:128,2
DA:130,2
DA:131,1
DA:133,1
DA:134,5
DA:135,9
DA:136,8
DA:137,8
DA:141,1
DA:146,4
DA:147,1
DA:149,3
DA:151,3
DA:154,2
DA:155,2
DA:158,2
DA:159,2
DA:160,16
DA:161,606
DA:164,2
DA:167,1
DA:172,4
DA:173,2
DA:175,2
DA:176,0
DA:179,2
DA:180,121
DA:181,3
DA:182,1
DA:183,1
DA:196,0
DA:210,2
DA:211,2
DA:221,0
DA:230,2
DA:234,2
DA:238,0
DA:240,0
DA:241,0
DA:243,0
DA:246,0
DA:248,0
DA:251,0
DA:253,0
DA:255,0
DA:258,0
DA:262,0
DA:268,0
DA:269,0
DA:270,0
DA:272,0
DA:273,0
DA:274,0
DA:275,0
DA:276,0
DA:277,0
DA:280,0
DA:285,0
DA:289,0
DA:291,0
DA:292,0
DA:293,0
DA:295,0
DA:296,0
DA:297,0
DA:301,0
DA:305,0
DA:306,0
DA:307,0
DA:309,0
DA:313,0
DA:314,0
DA:315,0
DA:319,0
DA:323,0
DA:324,0
DA:325,0
DA:326,0
DA:329,1
LF:149
LH:92
BRDA:14,0,0,1
BRDA:14,0,1,4
BRDA:17,1,0,1
BRDA:17,1,1,3
BRDA:22,2,0,1
BRDA:22,2,1,26
BRDA:42,3,0,2
BRDA:42,3,1,2
BRDA:45,4,0,1
BRDA:45,4,1,1
BRDA:51,5,0,0
BRDA:51,5,1,0
BRDA:69,6,0,1
BRDA:69,6,1,3
BRDA:72,7,0,1
BRDA:72,7,1,2
BRDA:77,8,0,62
BRDA:77,8,1,29
BRDA:89,9,0,1
BRDA:89,9,1,5
BRDA:92,10,0,2
BRDA:92,10,1,3
BRDA:92,11,0,5
BRDA:92,11,1,3
BRDA:95,12,0,1
BRDA:95,12,1,2
BRDA:99,13,0,1
BRDA:99,13,1,1
BRDA:103,14,0,4
BRDA:103,14,1,40
BRDA:103,15,0,44
BRDA:103,15,1,4
BRDA:103,15,2,4
BRDA:109,16,0,40
BRDA:109,16,1,0
BRDA:109,17,0,40
BRDA:109,17,1,40
BRDA:109,17,2,40
BRDA:111,18,0,36
BRDA:111,18,1,8
BRDA:111,19,0,44
BRDA:111,19,1,38
BRDA:124,20,0,1
BRDA:124,20,1,4
BRDA:127,21,0,2
BRDA:127,21,1,2
BRDA:127,22,0,4
BRDA:127,22,1,2
BRDA:130,23,0,1
BRDA:130,23,1,1
BRDA:135,24,0,8
BRDA:135,24,1,1
BRDA:141,25,0,1
BRDA:141,25,1,0
BRDA:146,26,0,1
BRDA:146,26,1,3
BRDA:172,27,0,2
BRDA:172,27,1,2
BRDA:172,28,0,4
BRDA:172,28,1,2
BRDA:175,29,0,0
BRDA:175,29,1,2
BRDA:180,30,0,3
BRDA:180,30,1,118
BRDA:181,31,0,1
BRDA:181,31,1,2
BRDA:182,32,0,1
BRDA:182,32,1,0
BRDA:210,33,0,2
BRDA:210,33,1,0
BRDA:234,34,0,1
BRDA:234,34,1,1
BRDA:269,35,0,0
BRDA:269,35,1,0
BRDA:273,36,0,0
BRDA:273,36,1,0
BRDA:276,37,0,0
BRDA:276,37,1,0
BRDA:285,38,0,0
BRDA:285,38,1,0
BRDA:292,39,0,0
BRDA:292,39,1,0
BRDA:295,40,0,0
BRDA:295,40,1,0
BRDA:325,41,0,0
BRDA:325,41,1,0
BRF:86
BRH:65
end_of_record
